MIG: 15:34:38 : xml_input_file: board.prj
MIG: 15:34:39 : Absolute path of xml_input_file: d:/PROJECTS/FPGAImageProcessing/DMASystem/DMASystem.srcs/sources_1/bd/dmaSystemBD/ip/dmaSystemBD_mig_7series_0_0/board.prj
MIG: 15:34:39 : xml_input_file: board.prj
MIG: 15:34:39 : Absolute path of xml_input_file: d:/PROJECTS/FPGAImageProcessing/DMASystem/DMASystem.srcs/sources_1/bd/dmaSystemBD/ip/dmaSystemBD_mig_7series_0_0/board.prj
MIG: 15:34:39 : In updateAllModelParams
MIG: 15:34:39 : ################# RUNNING MIG BATCH ###################
MIG: 15:34:39 : Writing IN file for 'dmaSystemBD_mig_7series_0_0'...compDirPath: d:/Vivado/Vivado_2016/Vivado/2016.4/data/ip/xilinx/mig_7series_v4_0... instDirPath: d:/PROJECTS/FPGAImageProcessing/DMASystem/DMASystem.srcs/sources_1/bd/dmaSystemBD/ip/dmaSystemBD_mig_7series_0_0
MIG: 15:34:39 : synp_flow:  -- synthesis_mode: Other
MIG: 15:34:39 : outputDirectory: d:/PROJECTS/FPGAImageProcessing/DMASystem/DMASystem.srcs/sources_1/bd/dmaSystemBD/ip/dmaSystemBD_mig_7series_0_0/_tmp/
MIG: 15:34:39 : vivado_mode: xpg_bd
MIG: 15:34:39 : isPortInterface: 0
MIG: 15:34:39 : isPortInterface: 0
MIG: 15:34:39 : isPortInterface: 0
MIG: 15:34:39 : isPortInterface: 0
MIG: 15:34:39 : isPortInterface: 0
MIG: 15:34:39 : isPortInterface: 0
MIG: 15:34:39 : isPortInterface: 0
MIG: 15:34:39 : isPortInterface: 0
MIG: 15:34:39 : isPortInterface: 0
MIG: 15:34:39 : isPortInterface: 0
MIG: 15:34:39 : isPortInterface: 0
MIG: 15:34:39 : isPortInterface: 0
MIG: 15:34:39 : isPortInterface: 0
MIG: 15:34:39 : isPortInterface: 0
MIG: 15:34:39 : isPortInterface: 0
MIG: 15:34:39 : isPortInterface: 0
MIG: 15:34:39 : isPortInterface: 0
MIG: 15:34:39 : isPortInterface: 0
MIG: 15:34:39 : isPortInterface: 0
MIG: 15:34:39 : isPortInterface: 0
MIG: 15:34:39 : isPortInterface: 0
MIG: 15:34:39 : isPortInterface: 0
MIG: 15:34:39 : isPortInterface: 0
MIG: 15:34:39 : isPortInterface: 0
MIG: 15:34:39 : isPortInterface: 0
MIG: 15:34:39 : isPortInterface: 0
MIG: 15:34:39 : isPortInterface: 0
MIG: 15:34:39 : isPortInterface: 0
MIG: 15:34:39 : isPortInterface: 0
MIG: 15:34:39 : isPortInterface: 0
MIG: 15:34:39 : isPortInterface: 0
MIG: 15:34:39 : isPortInterface: 0
MIG: 15:34:39 : isPortInterface: 0
MIG: 15:34:39 : isPortInterface: 0
MIG: 15:34:39 : isPortInterface: 0
MIG: 15:34:39 : isPortInterface: 0
MIG: 15:34:39 : isPortInterface: 0
MIG: 15:34:39 : isPortInterface: 0
MIG: 15:34:39 : isPortInterface: 0
MIG: 15:34:39 : isPortInterface: 0
MIG: 15:34:39 : isPortInterface: 0
MIG: 15:34:39 : isPortInterface: 0
MIG: 15:34:39 : isPortInterface: 0
MIG: 15:34:39 : isPortInterface: 0
MIG: 15:34:39 : isPortInterface: 0
MIG: 15:34:39 : isPortInterface: 0
MIG: 15:34:39 : isPortInterface: 0
MIG: 15:34:39 : isPortInterface: 0
MIG: 15:34:39 : isPortInterface: 0
MIG: 15:34:39 : isPortInterface: 0
MIG: 15:34:39 : isPortInterface: 0
MIG: 15:34:39 : isPortInterface: 0
MIG: 15:34:39 : isPortInterface: 0
MIG: 15:34:39 : isPortInterface: 0
MIG: 15:34:39 : isPortInterface: 0
MIG: 15:34:39 : isPortInterface: 0
MIG: 15:34:39 : isPortInterface: 0
MIG: 15:34:39 : isPortInterface: 0
MIG: 15:34:39 : isPortInterface: 0
MIG: 15:34:39 : isPortInterface: 0
MIG: 15:34:39 : isPortInterface: 0
MIG: 15:34:39 : isPortInterface: 0
MIG: 15:34:39 : isPortInterface: 0
MIG: 15:34:39 : isPortInterface: 0
MIG: 15:34:39 : isPortInterface: 0
MIG: 15:34:39 : isPortInterface: 0
MIG: 15:34:39 : isPortInterface: 0
MIG: 15:34:39 : isPortInterface: 0
MIG: 15:34:39 : isPortInterface: 0
MIG: 15:34:39 : isPortInterface: 0
MIG: 15:34:39 : isPortInterface: 0
MIG: 15:34:39 : isPortInterface: 0
MIG: 15:34:39 : isPortInterface: 0
MIG: 15:34:39 : isPortInterface: 0
MIG: 15:34:39 : isPortInterface: 0
MIG: 15:34:39 : isPortInterface: 0
MIG: 15:34:39 : isPortInterface: 0
MIG: 15:34:39 : isPortInterface: 0
MIG: 15:34:39 : isPortInterface: 0
MIG: 15:34:39 : isPortInterface: 0
MIG: 15:34:39 : isPortInterface: 0
MIG: 15:34:39 : isPortInterface: 0
MIG: 15:34:39 : isPortInterface: 0
MIG: 15:34:39 : isPortInterface: 0
MIG: 15:34:39 : isPortInterface: 0
MIG: 15:34:39 : isPortInterface: 0
MIG: 15:34:39 : isPortInterface: 0
MIG: 15:34:39 : isPortInterface: 0
MIG: 15:34:39 : isPortInterface: 0
MIG: 15:34:39 : isPortInterface: 0
MIG: 15:34:39 : isPortInterface: 0
MIG: 15:34:39 : isPortInterface: 0
MIG: 15:34:39 : isPortInterface: 0
MIG: 15:34:39 : isPortInterface: 0
MIG: 15:34:39 : isPortInterface: 0
MIG: 15:34:39 : isPortInterface: 0
MIG: 15:34:39 : isPortInterface: 0
MIG: 15:34:39 : isPortInterface: 0
MIG: 15:34:39 : isPortInterface: 0
MIG: 15:34:39 : isPortInterface: 0
MIG: 15:34:39 : isPortInterface: 0
MIG: 15:34:39 : isPortInterface: 0
MIG: 15:34:39 : isPortInterface: 0
MIG: 15:34:39 : isPortInterface: 0
MIG: 15:34:39 : isPortInterface: 0
MIG: 15:34:39 : isPortInterface: 0
MIG: 15:34:39 : isPortInterface: 0
MIG: 15:34:39 : isPortInterface: 0
MIG: 15:34:39 : isPortInterface: 0
MIG: 15:34:39 : isPortInterface: 0
MIG: 15:34:39 : isPortInterface: 0
MIG: 15:34:39 : isPortInterface: 0
MIG: 15:34:39 : isPortInterface: 0
MIG: 15:34:39 : isPortInterface: 0
MIG: 15:34:39 : isPortInterface: 0
MIG: 15:34:39 : isPortInterface: 0
MIG: 15:34:39 : isPortInterface: 0
MIG: 15:34:39 : isPortInterface: 0
MIG: 15:34:39 : isPortInterface: 0
MIG: 15:34:39 : isPortInterface: 0
MIG: 15:34:39 : isPortInterface: 0
MIG: 15:34:39 : isPortInterface: 0
MIG: 15:34:39 : isPortInterface: 0
MIG: 15:34:39 : isPortInterface: 0
MIG: 15:34:39 : isPortInterface: 0
MIG: 15:34:39 : isPortInterface: 0
MIG: 15:34:39 : isPortInterface: 0
MIG: 15:34:39 : isPortInterface: 0
MIG: 15:34:39 : isPortInterface: 0
MIG: 15:34:39 : isPortInterface: 0
MIG: 15:34:39 : isPortInterface: 0
MIG: 15:34:39 : isPortInterface: 0
MIG: 15:34:39 : isPortInterface: 0
MIG: 15:34:39 : isPortInterface: 0
MIG: 15:34:39 : isPortInterface: 0
MIG: 15:34:39 : isPortInterface: 0
MIG: 15:34:39 : isPortInterface: 0
MIG: 15:34:39 : isPortInterface: 0
MIG: 15:34:39 : isPortInterface: 0
MIG: 15:34:39 : isPortInterface: 0
MIG: 15:34:39 : isPortInterface: 0
MIG: 15:34:39 : isPortInterface: 0
MIG: 15:34:39 : isPortInterface: 0
MIG: 15:34:39 : isPortInterface: 0
MIG: 15:34:39 : isPortInterface: 0
MIG: 15:34:39 : isPortInterface: 0
MIG: 15:34:39 : isPortInterface: 0
MIG: 15:34:39 : isPortInterface: 1
MIG: 15:34:39 : isPortInterface: 0
MIG: 15:34:39 : isPortInterface: 0
MIG: 15:34:39 : isPortInterface: 0
MIG: 15:34:39 : isPortInterface: 0
MIG: 15:34:39 : isPortInterface: 0
MIG: 15:34:39 : isPortInterface: 0
MIG: 15:34:39 : isPortInterface: 0
MIG: 15:34:39 : isPortInterface: 0
MIG: 15:34:39 : isPortInterface: 0
MIG: 15:34:39 : isPortInterface: 0
MIG: 15:34:39 : isPortInterface: 0
MIG: 15:34:39 :  locked false  
MIG: 15:34:39 : HDL Language: Verilog
MIG: 15:34:39 : compInfo: true
MIG: 15:34:39 : Vivado Options xc7a200t sbg484 -1
MIG: 15:34:39 : 1: xc7a200t 2: sbg484 3: -1
MIG: 15:34:39 : relative mig path: coregen/ip/xilinx/other/com/xilinx/ip/mig_7series_v4_0/bin/nt64/mig.exe
MIG: 15:34:39 : xilinx_path: D:/Vivado/Vivado_2016/Vivado/2016.4/ids_lite/ISE
MIG: 15:34:39 : I am in catch area
MIG: 15:34:39 : Running D:/Vivado/Vivado_2016/Vivado/2016.4/ids_lite/ISE/coregen/ip/xilinx/other/com/xilinx/ip/mig_7series_v4_0/bin/nt64/mig.exe -cg_exc_inp d:/PROJECTS/FPGAImageProcessing/DMASystem/DMASystem.srcs/sources_1/bd/dmaSystemBD/ip/dmaSystemBD_mig_7series_0_0/xil_txt.in -cg_exc_out d:/PROJECTS/FPGAImageProcessing/DMASystem/DMASystem.srcs/sources_1/bd/dmaSystemBD/ip/dmaSystemBD_mig_7series_0_0/xil_txt.out ... 
MIG: 15:37:51 : xml_input_file: board.prj
MIG: 15:37:52 : Absolute path of xml_input_file: d:/PROJECTS/FPGAImageProcessing/DMASystem/DMASystem.srcs/sources_1/bd/dmaSystemBD/ip/dmaSystemBD_mig_7series_0_0/board.prj
MIG: 15:37:52 : xml_input_file: board.prj
MIG: 15:37:52 : Absolute path of xml_input_file: d:/PROJECTS/FPGAImageProcessing/DMASystem/DMASystem.srcs/sources_1/bd/dmaSystemBD/ip/dmaSystemBD_mig_7series_0_0/board.prj
MIG: 15:37:52 : In updateAllModelParams
MIG: 15:37:52 : ################# RUNNING MIG BATCH ###################
MIG: 15:37:52 : Writing IN file for 'dmaSystemBD_mig_7series_0_0'...compDirPath: d:/Vivado/Vivado_2016/Vivado/2016.4/data/ip/xilinx/mig_7series_v4_0... instDirPath: d:/PROJECTS/FPGAImageProcessing/DMASystem/DMASystem.srcs/sources_1/bd/dmaSystemBD/ip/dmaSystemBD_mig_7series_0_0
MIG: 15:37:52 : synp_flow:  -- synthesis_mode: Other
MIG: 15:37:52 : outputDirectory: d:/PROJECTS/FPGAImageProcessing/DMASystem/DMASystem.srcs/sources_1/bd/dmaSystemBD/ip/dmaSystemBD_mig_7series_0_0/_tmp/
MIG: 15:37:52 : vivado_mode: xpg_bd
MIG: 15:37:52 : isPortInterface: 0
MIG: 15:37:52 : isPortInterface: 0
MIG: 15:37:52 : isPortInterface: 0
MIG: 15:37:52 : isPortInterface: 0
MIG: 15:37:52 : isPortInterface: 0
MIG: 15:37:52 : isPortInterface: 0
MIG: 15:37:52 : isPortInterface: 0
MIG: 15:37:52 : isPortInterface: 0
MIG: 15:37:52 : isPortInterface: 0
MIG: 15:37:52 : isPortInterface: 0
MIG: 15:37:52 : isPortInterface: 0
MIG: 15:37:52 : isPortInterface: 0
MIG: 15:37:52 : isPortInterface: 0
MIG: 15:37:52 : isPortInterface: 0
MIG: 15:37:52 : isPortInterface: 0
MIG: 15:37:52 : isPortInterface: 0
MIG: 15:37:52 : isPortInterface: 0
MIG: 15:37:52 : isPortInterface: 0
MIG: 15:37:52 : isPortInterface: 0
MIG: 15:37:52 : isPortInterface: 0
MIG: 15:37:52 : isPortInterface: 0
MIG: 15:37:52 : isPortInterface: 0
MIG: 15:37:52 : isPortInterface: 0
MIG: 15:37:52 : isPortInterface: 0
MIG: 15:37:52 : isPortInterface: 0
MIG: 15:37:52 : isPortInterface: 0
MIG: 15:37:52 : isPortInterface: 0
MIG: 15:37:52 : isPortInterface: 0
MIG: 15:37:52 : isPortInterface: 0
MIG: 15:37:52 : isPortInterface: 0
MIG: 15:37:52 : isPortInterface: 0
MIG: 15:37:52 : isPortInterface: 0
MIG: 15:37:52 : isPortInterface: 0
MIG: 15:37:52 : isPortInterface: 0
MIG: 15:37:52 : isPortInterface: 0
MIG: 15:37:52 : isPortInterface: 0
MIG: 15:37:52 : isPortInterface: 0
MIG: 15:37:52 : isPortInterface: 0
MIG: 15:37:52 : isPortInterface: 0
MIG: 15:37:52 : isPortInterface: 0
MIG: 15:37:52 : isPortInterface: 0
MIG: 15:37:52 : isPortInterface: 0
MIG: 15:37:52 : isPortInterface: 0
MIG: 15:37:52 : isPortInterface: 0
MIG: 15:37:52 : isPortInterface: 0
MIG: 15:37:52 : isPortInterface: 0
MIG: 15:37:52 : isPortInterface: 0
MIG: 15:37:52 : isPortInterface: 0
MIG: 15:37:52 : isPortInterface: 0
MIG: 15:37:52 : isPortInterface: 0
MIG: 15:37:52 : isPortInterface: 0
MIG: 15:37:52 : isPortInterface: 0
MIG: 15:37:52 : isPortInterface: 0
MIG: 15:37:52 : isPortInterface: 0
MIG: 15:37:52 : isPortInterface: 0
MIG: 15:37:52 : isPortInterface: 0
MIG: 15:37:52 : isPortInterface: 0
MIG: 15:37:52 : isPortInterface: 0
MIG: 15:37:52 : isPortInterface: 0
MIG: 15:37:52 : isPortInterface: 0
MIG: 15:37:52 : isPortInterface: 0
MIG: 15:37:52 : isPortInterface: 0
MIG: 15:37:52 : isPortInterface: 0
MIG: 15:37:52 : isPortInterface: 0
MIG: 15:37:52 : isPortInterface: 0
MIG: 15:37:52 : isPortInterface: 0
MIG: 15:37:52 : isPortInterface: 0
MIG: 15:37:52 : isPortInterface: 0
MIG: 15:37:52 : isPortInterface: 0
MIG: 15:37:52 : isPortInterface: 0
MIG: 15:37:52 : isPortInterface: 0
MIG: 15:37:52 : isPortInterface: 0
MIG: 15:37:52 : isPortInterface: 0
MIG: 15:37:52 : isPortInterface: 0
MIG: 15:37:52 : isPortInterface: 0
MIG: 15:37:52 : isPortInterface: 0
MIG: 15:37:52 : isPortInterface: 0
MIG: 15:37:52 : isPortInterface: 0
MIG: 15:37:52 : isPortInterface: 0
MIG: 15:37:52 : isPortInterface: 0
MIG: 15:37:52 : isPortInterface: 0
MIG: 15:37:52 : isPortInterface: 0
MIG: 15:37:52 : isPortInterface: 0
MIG: 15:37:52 : isPortInterface: 0
MIG: 15:37:52 : isPortInterface: 0
MIG: 15:37:52 : isPortInterface: 0
MIG: 15:37:52 : isPortInterface: 0
MIG: 15:37:52 : isPortInterface: 0
MIG: 15:37:52 : isPortInterface: 0
MIG: 15:37:52 : isPortInterface: 0
MIG: 15:37:52 : isPortInterface: 0
MIG: 15:37:52 : isPortInterface: 0
MIG: 15:37:52 : isPortInterface: 0
MIG: 15:37:52 : isPortInterface: 0
MIG: 15:37:52 : isPortInterface: 0
MIG: 15:37:52 : isPortInterface: 0
MIG: 15:37:52 : isPortInterface: 0
MIG: 15:37:52 : isPortInterface: 0
MIG: 15:37:52 : isPortInterface: 0
MIG: 15:37:52 : isPortInterface: 0
MIG: 15:37:52 : isPortInterface: 0
MIG: 15:37:52 : isPortInterface: 0
MIG: 15:37:52 : isPortInterface: 0
MIG: 15:37:52 : isPortInterface: 0
MIG: 15:37:52 : isPortInterface: 0
MIG: 15:37:52 : isPortInterface: 0
MIG: 15:37:52 : isPortInterface: 0
MIG: 15:37:52 : isPortInterface: 0
MIG: 15:37:52 : isPortInterface: 0
MIG: 15:37:52 : isPortInterface: 0
MIG: 15:37:52 : isPortInterface: 0
MIG: 15:37:52 : isPortInterface: 0
MIG: 15:37:52 : isPortInterface: 0
MIG: 15:37:52 : isPortInterface: 0
MIG: 15:37:52 : isPortInterface: 0
MIG: 15:37:52 : isPortInterface: 0
MIG: 15:37:52 : isPortInterface: 0
MIG: 15:37:52 : isPortInterface: 0
MIG: 15:37:52 : isPortInterface: 0
MIG: 15:37:52 : isPortInterface: 0
MIG: 15:37:52 : isPortInterface: 0
MIG: 15:37:52 : isPortInterface: 0
MIG: 15:37:52 : isPortInterface: 0
MIG: 15:37:52 : isPortInterface: 0
MIG: 15:37:52 : isPortInterface: 0
MIG: 15:37:52 : isPortInterface: 0
MIG: 15:37:52 : isPortInterface: 0
MIG: 15:37:52 : isPortInterface: 0
MIG: 15:37:52 : isPortInterface: 0
MIG: 15:37:52 : isPortInterface: 0
MIG: 15:37:52 : isPortInterface: 0
MIG: 15:37:52 : isPortInterface: 0
MIG: 15:37:52 : isPortInterface: 0
MIG: 15:37:52 : isPortInterface: 0
MIG: 15:37:52 : isPortInterface: 0
MIG: 15:37:52 : isPortInterface: 0
MIG: 15:37:52 : isPortInterface: 0
MIG: 15:37:52 : isPortInterface: 0
MIG: 15:37:52 : isPortInterface: 0
MIG: 15:37:52 : isPortInterface: 0
MIG: 15:37:52 : isPortInterface: 0
MIG: 15:37:52 : isPortInterface: 0
MIG: 15:37:52 : isPortInterface: 0
MIG: 15:37:52 : isPortInterface: 0
MIG: 15:37:52 : isPortInterface: 0
MIG: 15:37:52 : isPortInterface: 0
MIG: 15:37:52 : isPortInterface: 0
MIG: 15:37:52 : isPortInterface: 1
MIG: 15:37:52 : isPortInterface: 0
MIG: 15:37:52 : isPortInterface: 0
MIG: 15:37:52 : isPortInterface: 0
MIG: 15:37:52 : isPortInterface: 0
MIG: 15:37:52 : isPortInterface: 0
MIG: 15:37:52 : isPortInterface: 0
MIG: 15:37:52 : isPortInterface: 0
MIG: 15:37:52 : isPortInterface: 0
MIG: 15:37:52 : isPortInterface: 0
MIG: 15:37:52 : isPortInterface: 0
MIG: 15:37:52 : isPortInterface: 0
MIG: 15:37:52 :  locked false  
MIG: 15:37:52 : HDL Language: Verilog
MIG: 15:37:52 : compInfo: true
MIG: 15:37:52 : Vivado Options xc7a200t sbg484 -1
MIG: 15:37:52 : 1: xc7a200t 2: sbg484 3: -1
MIG: 15:37:52 : relative mig path: coregen/ip/xilinx/other/com/xilinx/ip/mig_7series_v4_0/bin/nt64/mig.exe
MIG: 15:37:52 : xilinx_path: D:/Vivado/Vivado_2016/Vivado/2016.4/ids_lite/ISE
MIG: 15:37:52 : I am in catch area
MIG: 15:37:52 : Running D:/Vivado/Vivado_2016/Vivado/2016.4/ids_lite/ISE/coregen/ip/xilinx/other/com/xilinx/ip/mig_7series_v4_0/bin/nt64/mig.exe -cg_exc_inp d:/PROJECTS/FPGAImageProcessing/DMASystem/DMASystem.srcs/sources_1/bd/dmaSystemBD/ip/dmaSystemBD_mig_7series_0_0/xil_txt.in -cg_exc_out d:/PROJECTS/FPGAImageProcessing/DMASystem/DMASystem.srcs/sources_1/bd/dmaSystemBD/ip/dmaSystemBD_mig_7series_0_0/xil_txt.out ... 
