
*** Running vivado
    with args -log hdmi_xbar_0.vds -m64 -product Vivado -mode batch -messageDb vivado.pb -notrace -source hdmi_xbar_0.tcl


****** Vivado v2016.4 (64-bit)
  **** SW Build 1756540 on Mon Jan 23 19:11:23 MST 2017
  **** IP Build 1755317 on Mon Jan 23 20:30:07 MST 2017
    ** Copyright 1986-2016 Xilinx, Inc. All Rights Reserved.

source hdmi_xbar_0.tcl -notrace
Starting RTL Elaboration : Time (s): cpu = 00:00:13 ; elapsed = 00:00:48 . Memory (MB): peak = 372.367 ; gain = 162.660
INFO: [Synth 8-638] synthesizing module 'hdmi_xbar_0' [d:/PROJECTS/SuperPong-FPGA/src/bd/hdmi/ip/hdmi_xbar_0/synth/hdmi_xbar_0.v:59]
INFO: [Synth 8-638] synthesizing module 'axi_crossbar_v2_1_12_axi_crossbar' [d:/PROJECTS/SuperPong-FPGA/src/bd/hdmi/ipshared/896d/hdl/axi_crossbar_v2_1_vl_rfs.v:4882]
INFO: [Synth 8-638] synthesizing module 'axi_crossbar_v2_1_12_crossbar' [d:/PROJECTS/SuperPong-FPGA/src/bd/hdmi/ipshared/896d/hdl/axi_crossbar_v2_1_vl_rfs.v:2239]
INFO: [Synth 8-638] synthesizing module 'axi_crossbar_v2_1_12_si_transactor' [d:/PROJECTS/SuperPong-FPGA/src/bd/hdmi/ipshared/896d/hdl/axi_crossbar_v2_1_vl_rfs.v:3798]
INFO: [Synth 8-638] synthesizing module 'axi_crossbar_v2_1_12_addr_decoder' [d:/PROJECTS/SuperPong-FPGA/src/bd/hdmi/ipshared/896d/hdl/axi_crossbar_v2_1_vl_rfs.v:794]
INFO: [Synth 8-638] synthesizing module 'generic_baseblocks_v2_1_0_comparator_static' [d:/PROJECTS/SuperPong-FPGA/src/bd/hdmi/ipshared/7ee0/hdl/generic_baseblocks_v2_1_vl_rfs.v:2133]
INFO: [Synth 8-638] synthesizing module 'generic_baseblocks_v2_1_0_carry_and' [d:/PROJECTS/SuperPong-FPGA/src/bd/hdmi/ipshared/7ee0/hdl/generic_baseblocks_v2_1_vl_rfs.v:62]
INFO: [Synth 8-256] done synthesizing module 'generic_baseblocks_v2_1_0_carry_and' (1#1) [d:/PROJECTS/SuperPong-FPGA/src/bd/hdmi/ipshared/7ee0/hdl/generic_baseblocks_v2_1_vl_rfs.v:62]
INFO: [Synth 8-256] done synthesizing module 'generic_baseblocks_v2_1_0_comparator_static' (2#1) [d:/PROJECTS/SuperPong-FPGA/src/bd/hdmi/ipshared/7ee0/hdl/generic_baseblocks_v2_1_vl_rfs.v:2133]
INFO: [Synth 8-256] done synthesizing module 'axi_crossbar_v2_1_12_addr_decoder' (3#1) [d:/PROJECTS/SuperPong-FPGA/src/bd/hdmi/ipshared/896d/hdl/axi_crossbar_v2_1_vl_rfs.v:794]
INFO: [Synth 8-638] synthesizing module 'axi_data_fifo_v2_1_10_axic_srl_fifo' [d:/PROJECTS/SuperPong-FPGA/src/bd/hdmi/ipshared/39ba/hdl/axi_data_fifo_v2_1_vl_rfs.v:698]
INFO: [Synth 8-638] synthesizing module 'axi_data_fifo_v2_1_10_ndeep_srl' [d:/PROJECTS/SuperPong-FPGA/src/bd/hdmi/ipshared/39ba/hdl/axi_data_fifo_v2_1_vl_rfs.v:1134]
INFO: [Synth 8-638] synthesizing module 'SRLC32E' [D:/Vivado/Vivado_2016/Vivado/2016.4/scripts/rt/data/unisim_comp.v:43478]
INFO: [Synth 8-256] done synthesizing module 'SRLC32E' (4#1) [D:/Vivado/Vivado_2016/Vivado/2016.4/scripts/rt/data/unisim_comp.v:43478]
INFO: [Synth 8-256] done synthesizing module 'axi_data_fifo_v2_1_10_ndeep_srl' (5#1) [d:/PROJECTS/SuperPong-FPGA/src/bd/hdmi/ipshared/39ba/hdl/axi_data_fifo_v2_1_vl_rfs.v:1134]
INFO: [Synth 8-256] done synthesizing module 'axi_data_fifo_v2_1_10_axic_srl_fifo' (6#1) [d:/PROJECTS/SuperPong-FPGA/src/bd/hdmi/ipshared/39ba/hdl/axi_data_fifo_v2_1_vl_rfs.v:698]
INFO: [Synth 8-638] synthesizing module 'generic_baseblocks_v2_1_0_mux_enc' [d:/PROJECTS/SuperPong-FPGA/src/bd/hdmi/ipshared/7ee0/hdl/generic_baseblocks_v2_1_vl_rfs.v:2452]
INFO: [Synth 8-256] done synthesizing module 'generic_baseblocks_v2_1_0_mux_enc' (7#1) [d:/PROJECTS/SuperPong-FPGA/src/bd/hdmi/ipshared/7ee0/hdl/generic_baseblocks_v2_1_vl_rfs.v:2452]
INFO: [Synth 8-256] done synthesizing module 'axi_crossbar_v2_1_12_si_transactor' (8#1) [d:/PROJECTS/SuperPong-FPGA/src/bd/hdmi/ipshared/896d/hdl/axi_crossbar_v2_1_vl_rfs.v:3798]
INFO: [Synth 8-638] synthesizing module 'axi_crossbar_v2_1_12_si_transactor__parameterized0' [d:/PROJECTS/SuperPong-FPGA/src/bd/hdmi/ipshared/896d/hdl/axi_crossbar_v2_1_vl_rfs.v:3798]
INFO: [Synth 8-638] synthesizing module 'generic_baseblocks_v2_1_0_mux_enc__parameterized0' [d:/PROJECTS/SuperPong-FPGA/src/bd/hdmi/ipshared/7ee0/hdl/generic_baseblocks_v2_1_vl_rfs.v:2452]
INFO: [Synth 8-256] done synthesizing module 'generic_baseblocks_v2_1_0_mux_enc__parameterized0' (8#1) [d:/PROJECTS/SuperPong-FPGA/src/bd/hdmi/ipshared/7ee0/hdl/generic_baseblocks_v2_1_vl_rfs.v:2452]
INFO: [Synth 8-256] done synthesizing module 'axi_crossbar_v2_1_12_si_transactor__parameterized0' (8#1) [d:/PROJECTS/SuperPong-FPGA/src/bd/hdmi/ipshared/896d/hdl/axi_crossbar_v2_1_vl_rfs.v:3798]
INFO: [Synth 8-638] synthesizing module 'axi_crossbar_v2_1_12_splitter' [d:/PROJECTS/SuperPong-FPGA/src/bd/hdmi/ipshared/896d/hdl/axi_crossbar_v2_1_vl_rfs.v:4459]
INFO: [Synth 8-256] done synthesizing module 'axi_crossbar_v2_1_12_splitter' (9#1) [d:/PROJECTS/SuperPong-FPGA/src/bd/hdmi/ipshared/896d/hdl/axi_crossbar_v2_1_vl_rfs.v:4459]
INFO: [Synth 8-638] synthesizing module 'axi_crossbar_v2_1_12_wdata_router' [d:/PROJECTS/SuperPong-FPGA/src/bd/hdmi/ipshared/896d/hdl/axi_crossbar_v2_1_vl_rfs.v:4734]
INFO: [Synth 8-638] synthesizing module 'axi_data_fifo_v2_1_10_axic_reg_srl_fifo' [d:/PROJECTS/SuperPong-FPGA/src/bd/hdmi/ipshared/39ba/hdl/axi_data_fifo_v2_1_vl_rfs.v:889]
INFO: [Synth 8-256] done synthesizing module 'axi_data_fifo_v2_1_10_axic_reg_srl_fifo' (10#1) [d:/PROJECTS/SuperPong-FPGA/src/bd/hdmi/ipshared/39ba/hdl/axi_data_fifo_v2_1_vl_rfs.v:889]
INFO: [Synth 8-256] done synthesizing module 'axi_crossbar_v2_1_12_wdata_router' (11#1) [d:/PROJECTS/SuperPong-FPGA/src/bd/hdmi/ipshared/896d/hdl/axi_crossbar_v2_1_vl_rfs.v:4734]
INFO: [Synth 8-638] synthesizing module 'axi_crossbar_v2_1_12_si_transactor__parameterized1' [d:/PROJECTS/SuperPong-FPGA/src/bd/hdmi/ipshared/896d/hdl/axi_crossbar_v2_1_vl_rfs.v:3798]
INFO: [Synth 8-256] done synthesizing module 'axi_crossbar_v2_1_12_si_transactor__parameterized1' (11#1) [d:/PROJECTS/SuperPong-FPGA/src/bd/hdmi/ipshared/896d/hdl/axi_crossbar_v2_1_vl_rfs.v:3798]
INFO: [Synth 8-638] synthesizing module 'axi_crossbar_v2_1_12_si_transactor__parameterized2' [d:/PROJECTS/SuperPong-FPGA/src/bd/hdmi/ipshared/896d/hdl/axi_crossbar_v2_1_vl_rfs.v:3798]
INFO: [Synth 8-638] synthesizing module 'axi_data_fifo_v2_1_10_axic_srl_fifo__parameterized0' [d:/PROJECTS/SuperPong-FPGA/src/bd/hdmi/ipshared/39ba/hdl/axi_data_fifo_v2_1_vl_rfs.v:698]
INFO: [Synth 8-638] synthesizing module 'axi_data_fifo_v2_1_10_ndeep_srl__parameterized0' [d:/PROJECTS/SuperPong-FPGA/src/bd/hdmi/ipshared/39ba/hdl/axi_data_fifo_v2_1_vl_rfs.v:1134]
INFO: [Synth 8-256] done synthesizing module 'axi_data_fifo_v2_1_10_ndeep_srl__parameterized0' (11#1) [d:/PROJECTS/SuperPong-FPGA/src/bd/hdmi/ipshared/39ba/hdl/axi_data_fifo_v2_1_vl_rfs.v:1134]
INFO: [Synth 8-638] synthesizing module 'axi_data_fifo_v2_1_10_ndeep_srl__parameterized1' [d:/PROJECTS/SuperPong-FPGA/src/bd/hdmi/ipshared/39ba/hdl/axi_data_fifo_v2_1_vl_rfs.v:1134]
INFO: [Synth 8-256] done synthesizing module 'axi_data_fifo_v2_1_10_ndeep_srl__parameterized1' (11#1) [d:/PROJECTS/SuperPong-FPGA/src/bd/hdmi/ipshared/39ba/hdl/axi_data_fifo_v2_1_vl_rfs.v:1134]
INFO: [Synth 8-638] synthesizing module 'axi_data_fifo_v2_1_10_ndeep_srl__parameterized2' [d:/PROJECTS/SuperPong-FPGA/src/bd/hdmi/ipshared/39ba/hdl/axi_data_fifo_v2_1_vl_rfs.v:1134]
INFO: [Synth 8-256] done synthesizing module 'axi_data_fifo_v2_1_10_ndeep_srl__parameterized2' (11#1) [d:/PROJECTS/SuperPong-FPGA/src/bd/hdmi/ipshared/39ba/hdl/axi_data_fifo_v2_1_vl_rfs.v:1134]
INFO: [Synth 8-638] synthesizing module 'axi_data_fifo_v2_1_10_ndeep_srl__parameterized3' [d:/PROJECTS/SuperPong-FPGA/src/bd/hdmi/ipshared/39ba/hdl/axi_data_fifo_v2_1_vl_rfs.v:1134]
INFO: [Synth 8-256] done synthesizing module 'axi_data_fifo_v2_1_10_ndeep_srl__parameterized3' (11#1) [d:/PROJECTS/SuperPong-FPGA/src/bd/hdmi/ipshared/39ba/hdl/axi_data_fifo_v2_1_vl_rfs.v:1134]
INFO: [Synth 8-638] synthesizing module 'axi_data_fifo_v2_1_10_ndeep_srl__parameterized4' [d:/PROJECTS/SuperPong-FPGA/src/bd/hdmi/ipshared/39ba/hdl/axi_data_fifo_v2_1_vl_rfs.v:1134]
INFO: [Synth 8-256] done synthesizing module 'axi_data_fifo_v2_1_10_ndeep_srl__parameterized4' (11#1) [d:/PROJECTS/SuperPong-FPGA/src/bd/hdmi/ipshared/39ba/hdl/axi_data_fifo_v2_1_vl_rfs.v:1134]
INFO: [Synth 8-638] synthesizing module 'axi_data_fifo_v2_1_10_ndeep_srl__parameterized5' [d:/PROJECTS/SuperPong-FPGA/src/bd/hdmi/ipshared/39ba/hdl/axi_data_fifo_v2_1_vl_rfs.v:1134]
INFO: [Synth 8-256] done synthesizing module 'axi_data_fifo_v2_1_10_ndeep_srl__parameterized5' (11#1) [d:/PROJECTS/SuperPong-FPGA/src/bd/hdmi/ipshared/39ba/hdl/axi_data_fifo_v2_1_vl_rfs.v:1134]
INFO: [Synth 8-638] synthesizing module 'axi_data_fifo_v2_1_10_ndeep_srl__parameterized6' [d:/PROJECTS/SuperPong-FPGA/src/bd/hdmi/ipshared/39ba/hdl/axi_data_fifo_v2_1_vl_rfs.v:1134]
INFO: [Synth 8-256] done synthesizing module 'axi_data_fifo_v2_1_10_ndeep_srl__parameterized6' (11#1) [d:/PROJECTS/SuperPong-FPGA/src/bd/hdmi/ipshared/39ba/hdl/axi_data_fifo_v2_1_vl_rfs.v:1134]
INFO: [Synth 8-638] synthesizing module 'axi_data_fifo_v2_1_10_ndeep_srl__parameterized7' [d:/PROJECTS/SuperPong-FPGA/src/bd/hdmi/ipshared/39ba/hdl/axi_data_fifo_v2_1_vl_rfs.v:1134]
INFO: [Synth 8-256] done synthesizing module 'axi_data_fifo_v2_1_10_ndeep_srl__parameterized7' (11#1) [d:/PROJECTS/SuperPong-FPGA/src/bd/hdmi/ipshared/39ba/hdl/axi_data_fifo_v2_1_vl_rfs.v:1134]
INFO: [Synth 8-256] done synthesizing module 'axi_data_fifo_v2_1_10_axic_srl_fifo__parameterized0' (11#1) [d:/PROJECTS/SuperPong-FPGA/src/bd/hdmi/ipshared/39ba/hdl/axi_data_fifo_v2_1_vl_rfs.v:698]
INFO: [Synth 8-638] synthesizing module 'generic_baseblocks_v2_1_0_mux_enc__parameterized1' [d:/PROJECTS/SuperPong-FPGA/src/bd/hdmi/ipshared/7ee0/hdl/generic_baseblocks_v2_1_vl_rfs.v:2452]
INFO: [Synth 8-256] done synthesizing module 'generic_baseblocks_v2_1_0_mux_enc__parameterized1' (11#1) [d:/PROJECTS/SuperPong-FPGA/src/bd/hdmi/ipshared/7ee0/hdl/generic_baseblocks_v2_1_vl_rfs.v:2452]
INFO: [Synth 8-256] done synthesizing module 'axi_crossbar_v2_1_12_si_transactor__parameterized2' (11#1) [d:/PROJECTS/SuperPong-FPGA/src/bd/hdmi/ipshared/896d/hdl/axi_crossbar_v2_1_vl_rfs.v:3798]
INFO: [Synth 8-638] synthesizing module 'axi_crossbar_v2_1_12_wdata_router__parameterized0' [d:/PROJECTS/SuperPong-FPGA/src/bd/hdmi/ipshared/896d/hdl/axi_crossbar_v2_1_vl_rfs.v:4734]
INFO: [Synth 8-638] synthesizing module 'axi_data_fifo_v2_1_10_axic_reg_srl_fifo__parameterized0' [d:/PROJECTS/SuperPong-FPGA/src/bd/hdmi/ipshared/39ba/hdl/axi_data_fifo_v2_1_vl_rfs.v:889]
INFO: [Synth 8-638] synthesizing module 'axi_data_fifo_v2_1_10_ndeep_srl__parameterized8' [d:/PROJECTS/SuperPong-FPGA/src/bd/hdmi/ipshared/39ba/hdl/axi_data_fifo_v2_1_vl_rfs.v:1134]
INFO: [Synth 8-256] done synthesizing module 'axi_data_fifo_v2_1_10_ndeep_srl__parameterized8' (11#1) [d:/PROJECTS/SuperPong-FPGA/src/bd/hdmi/ipshared/39ba/hdl/axi_data_fifo_v2_1_vl_rfs.v:1134]
INFO: [Synth 8-256] done synthesizing module 'axi_data_fifo_v2_1_10_axic_reg_srl_fifo__parameterized0' (11#1) [d:/PROJECTS/SuperPong-FPGA/src/bd/hdmi/ipshared/39ba/hdl/axi_data_fifo_v2_1_vl_rfs.v:889]
INFO: [Synth 8-256] done synthesizing module 'axi_crossbar_v2_1_12_wdata_router__parameterized0' (11#1) [d:/PROJECTS/SuperPong-FPGA/src/bd/hdmi/ipshared/896d/hdl/axi_crossbar_v2_1_vl_rfs.v:4734]
INFO: [Synth 8-638] synthesizing module 'axi_crossbar_v2_1_12_si_transactor__parameterized3' [d:/PROJECTS/SuperPong-FPGA/src/bd/hdmi/ipshared/896d/hdl/axi_crossbar_v2_1_vl_rfs.v:3798]
INFO: [Synth 8-638] synthesizing module 'axi_data_fifo_v2_1_10_axic_srl_fifo__parameterized1' [d:/PROJECTS/SuperPong-FPGA/src/bd/hdmi/ipshared/39ba/hdl/axi_data_fifo_v2_1_vl_rfs.v:698]
INFO: [Synth 8-638] synthesizing module 'axi_data_fifo_v2_1_10_ndeep_srl__parameterized9' [d:/PROJECTS/SuperPong-FPGA/src/bd/hdmi/ipshared/39ba/hdl/axi_data_fifo_v2_1_vl_rfs.v:1134]
INFO: [Synth 8-256] done synthesizing module 'axi_data_fifo_v2_1_10_ndeep_srl__parameterized9' (11#1) [d:/PROJECTS/SuperPong-FPGA/src/bd/hdmi/ipshared/39ba/hdl/axi_data_fifo_v2_1_vl_rfs.v:1134]
INFO: [Synth 8-638] synthesizing module 'axi_data_fifo_v2_1_10_ndeep_srl__parameterized10' [d:/PROJECTS/SuperPong-FPGA/src/bd/hdmi/ipshared/39ba/hdl/axi_data_fifo_v2_1_vl_rfs.v:1134]
INFO: [Synth 8-256] done synthesizing module 'axi_data_fifo_v2_1_10_ndeep_srl__parameterized10' (11#1) [d:/PROJECTS/SuperPong-FPGA/src/bd/hdmi/ipshared/39ba/hdl/axi_data_fifo_v2_1_vl_rfs.v:1134]
INFO: [Synth 8-638] synthesizing module 'axi_data_fifo_v2_1_10_ndeep_srl__parameterized11' [d:/PROJECTS/SuperPong-FPGA/src/bd/hdmi/ipshared/39ba/hdl/axi_data_fifo_v2_1_vl_rfs.v:1134]
INFO: [Synth 8-256] done synthesizing module 'axi_data_fifo_v2_1_10_ndeep_srl__parameterized11' (11#1) [d:/PROJECTS/SuperPong-FPGA/src/bd/hdmi/ipshared/39ba/hdl/axi_data_fifo_v2_1_vl_rfs.v:1134]
INFO: [Synth 8-638] synthesizing module 'axi_data_fifo_v2_1_10_ndeep_srl__parameterized12' [d:/PROJECTS/SuperPong-FPGA/src/bd/hdmi/ipshared/39ba/hdl/axi_data_fifo_v2_1_vl_rfs.v:1134]
INFO: [Synth 8-256] done synthesizing module 'axi_data_fifo_v2_1_10_ndeep_srl__parameterized12' (11#1) [d:/PROJECTS/SuperPong-FPGA/src/bd/hdmi/ipshared/39ba/hdl/axi_data_fifo_v2_1_vl_rfs.v:1134]
INFO: [Synth 8-638] synthesizing module 'axi_data_fifo_v2_1_10_ndeep_srl__parameterized13' [d:/PROJECTS/SuperPong-FPGA/src/bd/hdmi/ipshared/39ba/hdl/axi_data_fifo_v2_1_vl_rfs.v:1134]
INFO: [Synth 8-256] done synthesizing module 'axi_data_fifo_v2_1_10_ndeep_srl__parameterized13' (11#1) [d:/PROJECTS/SuperPong-FPGA/src/bd/hdmi/ipshared/39ba/hdl/axi_data_fifo_v2_1_vl_rfs.v:1134]
INFO: [Synth 8-638] synthesizing module 'axi_data_fifo_v2_1_10_ndeep_srl__parameterized14' [d:/PROJECTS/SuperPong-FPGA/src/bd/hdmi/ipshared/39ba/hdl/axi_data_fifo_v2_1_vl_rfs.v:1134]
INFO: [Synth 8-256] done synthesizing module 'axi_data_fifo_v2_1_10_ndeep_srl__parameterized14' (11#1) [d:/PROJECTS/SuperPong-FPGA/src/bd/hdmi/ipshared/39ba/hdl/axi_data_fifo_v2_1_vl_rfs.v:1134]
INFO: [Synth 8-638] synthesizing module 'axi_data_fifo_v2_1_10_ndeep_srl__parameterized15' [d:/PROJECTS/SuperPong-FPGA/src/bd/hdmi/ipshared/39ba/hdl/axi_data_fifo_v2_1_vl_rfs.v:1134]
INFO: [Synth 8-256] done synthesizing module 'axi_data_fifo_v2_1_10_ndeep_srl__parameterized15' (11#1) [d:/PROJECTS/SuperPong-FPGA/src/bd/hdmi/ipshared/39ba/hdl/axi_data_fifo_v2_1_vl_rfs.v:1134]
INFO: [Synth 8-638] synthesizing module 'axi_data_fifo_v2_1_10_ndeep_srl__parameterized16' [d:/PROJECTS/SuperPong-FPGA/src/bd/hdmi/ipshared/39ba/hdl/axi_data_fifo_v2_1_vl_rfs.v:1134]
INFO: [Synth 8-256] done synthesizing module 'axi_data_fifo_v2_1_10_ndeep_srl__parameterized16' (11#1) [d:/PROJECTS/SuperPong-FPGA/src/bd/hdmi/ipshared/39ba/hdl/axi_data_fifo_v2_1_vl_rfs.v:1134]
INFO: [Synth 8-256] done synthesizing module 'axi_data_fifo_v2_1_10_axic_srl_fifo__parameterized1' (11#1) [d:/PROJECTS/SuperPong-FPGA/src/bd/hdmi/ipshared/39ba/hdl/axi_data_fifo_v2_1_vl_rfs.v:698]
INFO: [Synth 8-256] done synthesizing module 'axi_crossbar_v2_1_12_si_transactor__parameterized3' (11#1) [d:/PROJECTS/SuperPong-FPGA/src/bd/hdmi/ipshared/896d/hdl/axi_crossbar_v2_1_vl_rfs.v:3798]
INFO: [Synth 8-638] synthesizing module 'axi_crossbar_v2_1_12_si_transactor__parameterized4' [d:/PROJECTS/SuperPong-FPGA/src/bd/hdmi/ipshared/896d/hdl/axi_crossbar_v2_1_vl_rfs.v:3798]
INFO: [Synth 8-256] done synthesizing module 'axi_crossbar_v2_1_12_si_transactor__parameterized4' (11#1) [d:/PROJECTS/SuperPong-FPGA/src/bd/hdmi/ipshared/896d/hdl/axi_crossbar_v2_1_vl_rfs.v:3798]
INFO: [Synth 8-638] synthesizing module 'axi_crossbar_v2_1_12_si_transactor__parameterized5' [d:/PROJECTS/SuperPong-FPGA/src/bd/hdmi/ipshared/896d/hdl/axi_crossbar_v2_1_vl_rfs.v:3798]
INFO: [Synth 8-638] synthesizing module 'generic_baseblocks_v2_1_0_mux_enc__parameterized2' [d:/PROJECTS/SuperPong-FPGA/src/bd/hdmi/ipshared/7ee0/hdl/generic_baseblocks_v2_1_vl_rfs.v:2452]
INFO: [Synth 8-256] done synthesizing module 'generic_baseblocks_v2_1_0_mux_enc__parameterized2' (11#1) [d:/PROJECTS/SuperPong-FPGA/src/bd/hdmi/ipshared/7ee0/hdl/generic_baseblocks_v2_1_vl_rfs.v:2452]
INFO: [Synth 8-256] done synthesizing module 'axi_crossbar_v2_1_12_si_transactor__parameterized5' (11#1) [d:/PROJECTS/SuperPong-FPGA/src/bd/hdmi/ipshared/896d/hdl/axi_crossbar_v2_1_vl_rfs.v:3798]
INFO: [Synth 8-638] synthesizing module 'axi_crossbar_v2_1_12_addr_decoder__parameterized0' [d:/PROJECTS/SuperPong-FPGA/src/bd/hdmi/ipshared/896d/hdl/axi_crossbar_v2_1_vl_rfs.v:794]
INFO: [Synth 8-256] done synthesizing module 'axi_crossbar_v2_1_12_addr_decoder__parameterized0' (11#1) [d:/PROJECTS/SuperPong-FPGA/src/bd/hdmi/ipshared/896d/hdl/axi_crossbar_v2_1_vl_rfs.v:794]
INFO: [Synth 8-638] synthesizing module 'axi_crossbar_v2_1_12_addr_decoder__parameterized1' [d:/PROJECTS/SuperPong-FPGA/src/bd/hdmi/ipshared/896d/hdl/axi_crossbar_v2_1_vl_rfs.v:794]
INFO: [Synth 8-256] done synthesizing module 'axi_crossbar_v2_1_12_addr_decoder__parameterized1' (11#1) [d:/PROJECTS/SuperPong-FPGA/src/bd/hdmi/ipshared/896d/hdl/axi_crossbar_v2_1_vl_rfs.v:794]
INFO: [Synth 8-638] synthesizing module 'axi_data_fifo_v2_1_10_axic_srl_fifo__parameterized2' [d:/PROJECTS/SuperPong-FPGA/src/bd/hdmi/ipshared/39ba/hdl/axi_data_fifo_v2_1_vl_rfs.v:698]
INFO: [Synth 8-638] synthesizing module 'axi_data_fifo_v2_1_10_ndeep_srl__parameterized17' [d:/PROJECTS/SuperPong-FPGA/src/bd/hdmi/ipshared/39ba/hdl/axi_data_fifo_v2_1_vl_rfs.v:1134]
INFO: [Synth 8-256] done synthesizing module 'axi_data_fifo_v2_1_10_ndeep_srl__parameterized17' (11#1) [d:/PROJECTS/SuperPong-FPGA/src/bd/hdmi/ipshared/39ba/hdl/axi_data_fifo_v2_1_vl_rfs.v:1134]
INFO: [Synth 8-638] synthesizing module 'axi_data_fifo_v2_1_10_ndeep_srl__parameterized18' [d:/PROJECTS/SuperPong-FPGA/src/bd/hdmi/ipshared/39ba/hdl/axi_data_fifo_v2_1_vl_rfs.v:1134]
INFO: [Synth 8-256] done synthesizing module 'axi_data_fifo_v2_1_10_ndeep_srl__parameterized18' (11#1) [d:/PROJECTS/SuperPong-FPGA/src/bd/hdmi/ipshared/39ba/hdl/axi_data_fifo_v2_1_vl_rfs.v:1134]
INFO: [Synth 8-638] synthesizing module 'axi_data_fifo_v2_1_10_ndeep_srl__parameterized19' [d:/PROJECTS/SuperPong-FPGA/src/bd/hdmi/ipshared/39ba/hdl/axi_data_fifo_v2_1_vl_rfs.v:1134]
INFO: [Synth 8-256] done synthesizing module 'axi_data_fifo_v2_1_10_ndeep_srl__parameterized19' (11#1) [d:/PROJECTS/SuperPong-FPGA/src/bd/hdmi/ipshared/39ba/hdl/axi_data_fifo_v2_1_vl_rfs.v:1134]
INFO: [Synth 8-638] synthesizing module 'axi_data_fifo_v2_1_10_ndeep_srl__parameterized20' [d:/PROJECTS/SuperPong-FPGA/src/bd/hdmi/ipshared/39ba/hdl/axi_data_fifo_v2_1_vl_rfs.v:1134]
INFO: [Synth 8-256] done synthesizing module 'axi_data_fifo_v2_1_10_ndeep_srl__parameterized20' (11#1) [d:/PROJECTS/SuperPong-FPGA/src/bd/hdmi/ipshared/39ba/hdl/axi_data_fifo_v2_1_vl_rfs.v:1134]
INFO: [Synth 8-638] synthesizing module 'axi_data_fifo_v2_1_10_ndeep_srl__parameterized21' [d:/PROJECTS/SuperPong-FPGA/src/bd/hdmi/ipshared/39ba/hdl/axi_data_fifo_v2_1_vl_rfs.v:1134]
INFO: [Synth 8-256] done synthesizing module 'axi_data_fifo_v2_1_10_ndeep_srl__parameterized21' (11#1) [d:/PROJECTS/SuperPong-FPGA/src/bd/hdmi/ipshared/39ba/hdl/axi_data_fifo_v2_1_vl_rfs.v:1134]
INFO: [Synth 8-638] synthesizing module 'axi_data_fifo_v2_1_10_ndeep_srl__parameterized22' [d:/PROJECTS/SuperPong-FPGA/src/bd/hdmi/ipshared/39ba/hdl/axi_data_fifo_v2_1_vl_rfs.v:1134]
INFO: [Synth 8-256] done synthesizing module 'axi_data_fifo_v2_1_10_ndeep_srl__parameterized22' (11#1) [d:/PROJECTS/SuperPong-FPGA/src/bd/hdmi/ipshared/39ba/hdl/axi_data_fifo_v2_1_vl_rfs.v:1134]
INFO: [Synth 8-638] synthesizing module 'axi_data_fifo_v2_1_10_ndeep_srl__parameterized23' [d:/PROJECTS/SuperPong-FPGA/src/bd/hdmi/ipshared/39ba/hdl/axi_data_fifo_v2_1_vl_rfs.v:1134]
INFO: [Synth 8-256] done synthesizing module 'axi_data_fifo_v2_1_10_ndeep_srl__parameterized23' (11#1) [d:/PROJECTS/SuperPong-FPGA/src/bd/hdmi/ipshared/39ba/hdl/axi_data_fifo_v2_1_vl_rfs.v:1134]
INFO: [Synth 8-638] synthesizing module 'axi_data_fifo_v2_1_10_ndeep_srl__parameterized24' [d:/PROJECTS/SuperPong-FPGA/src/bd/hdmi/ipshared/39ba/hdl/axi_data_fifo_v2_1_vl_rfs.v:1134]
INFO: [Synth 8-256] done synthesizing module 'axi_data_fifo_v2_1_10_ndeep_srl__parameterized24' (11#1) [d:/PROJECTS/SuperPong-FPGA/src/bd/hdmi/ipshared/39ba/hdl/axi_data_fifo_v2_1_vl_rfs.v:1134]
INFO: [Synth 8-256] done synthesizing module 'axi_data_fifo_v2_1_10_axic_srl_fifo__parameterized2' (11#1) [d:/PROJECTS/SuperPong-FPGA/src/bd/hdmi/ipshared/39ba/hdl/axi_data_fifo_v2_1_vl_rfs.v:698]
INFO: [Synth 8-638] synthesizing module 'axi_crossbar_v2_1_12_wdata_mux' [d:/PROJECTS/SuperPong-FPGA/src/bd/hdmi/ipshared/896d/hdl/axi_crossbar_v2_1_vl_rfs.v:4559]
INFO: [Synth 8-638] synthesizing module 'axi_data_fifo_v2_1_10_axic_reg_srl_fifo__parameterized1' [d:/PROJECTS/SuperPong-FPGA/src/bd/hdmi/ipshared/39ba/hdl/axi_data_fifo_v2_1_vl_rfs.v:889]
INFO: [Synth 8-638] synthesizing module 'axi_data_fifo_v2_1_10_ndeep_srl__parameterized25' [d:/PROJECTS/SuperPong-FPGA/src/bd/hdmi/ipshared/39ba/hdl/axi_data_fifo_v2_1_vl_rfs.v:1134]
INFO: [Synth 8-256] done synthesizing module 'axi_data_fifo_v2_1_10_ndeep_srl__parameterized25' (11#1) [d:/PROJECTS/SuperPong-FPGA/src/bd/hdmi/ipshared/39ba/hdl/axi_data_fifo_v2_1_vl_rfs.v:1134]
INFO: [Synth 8-638] synthesizing module 'axi_data_fifo_v2_1_10_ndeep_srl__parameterized26' [d:/PROJECTS/SuperPong-FPGA/src/bd/hdmi/ipshared/39ba/hdl/axi_data_fifo_v2_1_vl_rfs.v:1134]
INFO: [Synth 8-256] done synthesizing module 'axi_data_fifo_v2_1_10_ndeep_srl__parameterized26' (11#1) [d:/PROJECTS/SuperPong-FPGA/src/bd/hdmi/ipshared/39ba/hdl/axi_data_fifo_v2_1_vl_rfs.v:1134]
INFO: [Synth 8-638] synthesizing module 'axi_data_fifo_v2_1_10_ndeep_srl__parameterized27' [d:/PROJECTS/SuperPong-FPGA/src/bd/hdmi/ipshared/39ba/hdl/axi_data_fifo_v2_1_vl_rfs.v:1134]
INFO: [Synth 8-256] done synthesizing module 'axi_data_fifo_v2_1_10_ndeep_srl__parameterized27' (11#1) [d:/PROJECTS/SuperPong-FPGA/src/bd/hdmi/ipshared/39ba/hdl/axi_data_fifo_v2_1_vl_rfs.v:1134]
INFO: [Synth 8-256] done synthesizing module 'axi_data_fifo_v2_1_10_axic_reg_srl_fifo__parameterized1' (11#1) [d:/PROJECTS/SuperPong-FPGA/src/bd/hdmi/ipshared/39ba/hdl/axi_data_fifo_v2_1_vl_rfs.v:889]
INFO: [Synth 8-638] synthesizing module 'generic_baseblocks_v2_1_0_mux_enc__parameterized3' [d:/PROJECTS/SuperPong-FPGA/src/bd/hdmi/ipshared/7ee0/hdl/generic_baseblocks_v2_1_vl_rfs.v:2452]
INFO: [Synth 8-256] done synthesizing module 'generic_baseblocks_v2_1_0_mux_enc__parameterized3' (11#1) [d:/PROJECTS/SuperPong-FPGA/src/bd/hdmi/ipshared/7ee0/hdl/generic_baseblocks_v2_1_vl_rfs.v:2452]
INFO: [Synth 8-256] done synthesizing module 'axi_crossbar_v2_1_12_wdata_mux' (12#1) [d:/PROJECTS/SuperPong-FPGA/src/bd/hdmi/ipshared/896d/hdl/axi_crossbar_v2_1_vl_rfs.v:4559]
INFO: [Synth 8-638] synthesizing module 'axi_register_slice_v2_1_11_axi_register_slice' [d:/PROJECTS/SuperPong-FPGA/src/bd/hdmi/ipshared/0b6b/hdl/axi_register_slice_v2_1_vl_rfs.v:791]
INFO: [Synth 8-638] synthesizing module 'axi_infrastructure_v1_1_0_axi2vector' [d:/PROJECTS/SuperPong-FPGA/src/bd/hdmi/ipshared/7e3a/hdl/axi_infrastructure_v1_1_vl_rfs.v:60]
INFO: [Synth 8-256] done synthesizing module 'axi_infrastructure_v1_1_0_axi2vector' (13#1) [d:/PROJECTS/SuperPong-FPGA/src/bd/hdmi/ipshared/7e3a/hdl/axi_infrastructure_v1_1_vl_rfs.v:60]
INFO: [Synth 8-638] synthesizing module 'axi_register_slice_v2_1_11_axic_register_slice' [d:/PROJECTS/SuperPong-FPGA/src/bd/hdmi/ipshared/0b6b/hdl/axi_register_slice_v2_1_vl_rfs.v:85]
INFO: [Synth 8-256] done synthesizing module 'axi_register_slice_v2_1_11_axic_register_slice' (14#1) [d:/PROJECTS/SuperPong-FPGA/src/bd/hdmi/ipshared/0b6b/hdl/axi_register_slice_v2_1_vl_rfs.v:85]
INFO: [Synth 8-638] synthesizing module 'axi_register_slice_v2_1_11_axic_register_slice__parameterized0' [d:/PROJECTS/SuperPong-FPGA/src/bd/hdmi/ipshared/0b6b/hdl/axi_register_slice_v2_1_vl_rfs.v:85]
INFO: [Synth 8-256] done synthesizing module 'axi_register_slice_v2_1_11_axic_register_slice__parameterized0' (14#1) [d:/PROJECTS/SuperPong-FPGA/src/bd/hdmi/ipshared/0b6b/hdl/axi_register_slice_v2_1_vl_rfs.v:85]
INFO: [Synth 8-638] synthesizing module 'axi_register_slice_v2_1_11_axic_register_slice__parameterized1' [d:/PROJECTS/SuperPong-FPGA/src/bd/hdmi/ipshared/0b6b/hdl/axi_register_slice_v2_1_vl_rfs.v:85]
INFO: [Synth 8-256] done synthesizing module 'axi_register_slice_v2_1_11_axic_register_slice__parameterized1' (14#1) [d:/PROJECTS/SuperPong-FPGA/src/bd/hdmi/ipshared/0b6b/hdl/axi_register_slice_v2_1_vl_rfs.v:85]
INFO: [Synth 8-638] synthesizing module 'axi_register_slice_v2_1_11_axic_register_slice__parameterized2' [d:/PROJECTS/SuperPong-FPGA/src/bd/hdmi/ipshared/0b6b/hdl/axi_register_slice_v2_1_vl_rfs.v:85]
INFO: [Synth 8-256] done synthesizing module 'axi_register_slice_v2_1_11_axic_register_slice__parameterized2' (14#1) [d:/PROJECTS/SuperPong-FPGA/src/bd/hdmi/ipshared/0b6b/hdl/axi_register_slice_v2_1_vl_rfs.v:85]
INFO: [Synth 8-638] synthesizing module 'axi_infrastructure_v1_1_0_vector2axi' [d:/PROJECTS/SuperPong-FPGA/src/bd/hdmi/ipshared/7e3a/hdl/axi_infrastructure_v1_1_vl_rfs.v:474]
INFO: [Synth 8-256] done synthesizing module 'axi_infrastructure_v1_1_0_vector2axi' (15#1) [d:/PROJECTS/SuperPong-FPGA/src/bd/hdmi/ipshared/7e3a/hdl/axi_infrastructure_v1_1_vl_rfs.v:474]
INFO: [Synth 8-256] done synthesizing module 'axi_register_slice_v2_1_11_axi_register_slice' (16#1) [d:/PROJECTS/SuperPong-FPGA/src/bd/hdmi/ipshared/0b6b/hdl/axi_register_slice_v2_1_vl_rfs.v:791]
INFO: [Synth 8-638] synthesizing module 'axi_crossbar_v2_1_12_addr_decoder__parameterized2' [d:/PROJECTS/SuperPong-FPGA/src/bd/hdmi/ipshared/896d/hdl/axi_crossbar_v2_1_vl_rfs.v:794]
INFO: [Synth 8-256] done synthesizing module 'axi_crossbar_v2_1_12_addr_decoder__parameterized2' (16#1) [d:/PROJECTS/SuperPong-FPGA/src/bd/hdmi/ipshared/896d/hdl/axi_crossbar_v2_1_vl_rfs.v:794]
INFO: [Synth 8-638] synthesizing module 'axi_crossbar_v2_1_12_addr_decoder__parameterized3' [d:/PROJECTS/SuperPong-FPGA/src/bd/hdmi/ipshared/896d/hdl/axi_crossbar_v2_1_vl_rfs.v:794]
INFO: [Synth 8-256] done synthesizing module 'axi_crossbar_v2_1_12_addr_decoder__parameterized3' (16#1) [d:/PROJECTS/SuperPong-FPGA/src/bd/hdmi/ipshared/896d/hdl/axi_crossbar_v2_1_vl_rfs.v:794]
INFO: [Synth 8-638] synthesizing module 'axi_data_fifo_v2_1_10_axic_srl_fifo__parameterized3' [d:/PROJECTS/SuperPong-FPGA/src/bd/hdmi/ipshared/39ba/hdl/axi_data_fifo_v2_1_vl_rfs.v:698]
INFO: [Synth 8-256] done synthesizing module 'axi_data_fifo_v2_1_10_axic_srl_fifo__parameterized3' (16#1) [d:/PROJECTS/SuperPong-FPGA/src/bd/hdmi/ipshared/39ba/hdl/axi_data_fifo_v2_1_vl_rfs.v:698]
INFO: [Synth 8-638] synthesizing module 'axi_crossbar_v2_1_12_wdata_mux__parameterized0' [d:/PROJECTS/SuperPong-FPGA/src/bd/hdmi/ipshared/896d/hdl/axi_crossbar_v2_1_vl_rfs.v:4559]
INFO: [Synth 8-638] synthesizing module 'axi_data_fifo_v2_1_10_axic_reg_srl_fifo__parameterized2' [d:/PROJECTS/SuperPong-FPGA/src/bd/hdmi/ipshared/39ba/hdl/axi_data_fifo_v2_1_vl_rfs.v:889]
INFO: [Synth 8-256] done synthesizing module 'axi_data_fifo_v2_1_10_axic_reg_srl_fifo__parameterized2' (16#1) [d:/PROJECTS/SuperPong-FPGA/src/bd/hdmi/ipshared/39ba/hdl/axi_data_fifo_v2_1_vl_rfs.v:889]
INFO: [Synth 8-638] synthesizing module 'generic_baseblocks_v2_1_0_mux_enc__parameterized4' [d:/PROJECTS/SuperPong-FPGA/src/bd/hdmi/ipshared/7ee0/hdl/generic_baseblocks_v2_1_vl_rfs.v:2452]
INFO: [Synth 8-256] done synthesizing module 'generic_baseblocks_v2_1_0_mux_enc__parameterized4' (16#1) [d:/PROJECTS/SuperPong-FPGA/src/bd/hdmi/ipshared/7ee0/hdl/generic_baseblocks_v2_1_vl_rfs.v:2452]
INFO: [Synth 8-256] done synthesizing module 'axi_crossbar_v2_1_12_wdata_mux__parameterized0' (16#1) [d:/PROJECTS/SuperPong-FPGA/src/bd/hdmi/ipshared/896d/hdl/axi_crossbar_v2_1_vl_rfs.v:4559]
INFO: [Synth 8-638] synthesizing module 'axi_crossbar_v2_1_12_decerr_slave' [d:/PROJECTS/SuperPong-FPGA/src/bd/hdmi/ipshared/896d/hdl/axi_crossbar_v2_1_vl_rfs.v:3500]
INFO: [Synth 8-256] done synthesizing module 'axi_crossbar_v2_1_12_decerr_slave' (17#1) [d:/PROJECTS/SuperPong-FPGA/src/bd/hdmi/ipshared/896d/hdl/axi_crossbar_v2_1_vl_rfs.v:3500]
INFO: [Synth 8-638] synthesizing module 'axi_crossbar_v2_1_12_addr_arbiter' [d:/PROJECTS/SuperPong-FPGA/src/bd/hdmi/ipshared/896d/hdl/axi_crossbar_v2_1_vl_rfs.v:423]
INFO: [Synth 8-638] synthesizing module 'generic_baseblocks_v2_1_0_mux_enc__parameterized5' [d:/PROJECTS/SuperPong-FPGA/src/bd/hdmi/ipshared/7ee0/hdl/generic_baseblocks_v2_1_vl_rfs.v:2452]
INFO: [Synth 8-256] done synthesizing module 'generic_baseblocks_v2_1_0_mux_enc__parameterized5' (17#1) [d:/PROJECTS/SuperPong-FPGA/src/bd/hdmi/ipshared/7ee0/hdl/generic_baseblocks_v2_1_vl_rfs.v:2452]
INFO: [Synth 8-638] synthesizing module 'generic_baseblocks_v2_1_0_mux_enc__parameterized6' [d:/PROJECTS/SuperPong-FPGA/src/bd/hdmi/ipshared/7ee0/hdl/generic_baseblocks_v2_1_vl_rfs.v:2452]
INFO: [Synth 8-256] done synthesizing module 'generic_baseblocks_v2_1_0_mux_enc__parameterized6' (17#1) [d:/PROJECTS/SuperPong-FPGA/src/bd/hdmi/ipshared/7ee0/hdl/generic_baseblocks_v2_1_vl_rfs.v:2452]
INFO: [Synth 8-256] done synthesizing module 'axi_crossbar_v2_1_12_addr_arbiter' (18#1) [d:/PROJECTS/SuperPong-FPGA/src/bd/hdmi/ipshared/896d/hdl/axi_crossbar_v2_1_vl_rfs.v:423]
INFO: [Synth 8-256] done synthesizing module 'axi_crossbar_v2_1_12_crossbar' (19#1) [d:/PROJECTS/SuperPong-FPGA/src/bd/hdmi/ipshared/896d/hdl/axi_crossbar_v2_1_vl_rfs.v:2239]
INFO: [Synth 8-256] done synthesizing module 'axi_crossbar_v2_1_12_axi_crossbar' (20#1) [d:/PROJECTS/SuperPong-FPGA/src/bd/hdmi/ipshared/896d/hdl/axi_crossbar_v2_1_vl_rfs.v:4882]
INFO: [Synth 8-256] done synthesizing module 'hdmi_xbar_0' (21#1) [d:/PROJECTS/SuperPong-FPGA/src/bd/hdmi/ip/hdmi_xbar_0/synth/hdmi_xbar_0.v:59]
Finished RTL Elaboration : Time (s): cpu = 00:00:20 ; elapsed = 00:01:05 . Memory (MB): peak = 508.176 ; gain = 298.469
Finished RTL Optimization Phase 1 : Time (s): cpu = 00:00:20 ; elapsed = 00:01:06 . Memory (MB): peak = 508.176 ; gain = 298.469
INFO: [Device 21-403] Loading part xc7a200tsbg484-1
Constraint Validation Runtime : Time (s): cpu = 00:00:01 ; elapsed = 00:00:01 . Memory (MB): peak = 793.152 ; gain = 1.043
Finished Constraint Validation : Time (s): cpu = 00:00:34 ; elapsed = 00:01:44 . Memory (MB): peak = 793.152 ; gain = 583.445
Finished Loading Part and Timing Information : Time (s): cpu = 00:00:34 ; elapsed = 00:01:44 . Memory (MB): peak = 793.152 ; gain = 583.445
Finished applying 'set_property' XDC Constraints : Time (s): cpu = 00:00:34 ; elapsed = 00:01:44 . Memory (MB): peak = 793.152 ; gain = 583.445
Finished RTL Optimization Phase 2 : Time (s): cpu = 00:00:36 ; elapsed = 00:01:48 . Memory (MB): peak = 793.152 ; gain = 583.445
Finished Cross Boundary and Area Optimization : Time (s): cpu = 00:00:42 ; elapsed = 00:02:01 . Memory (MB): peak = 793.152 ; gain = 583.445
Finished Applying XDC Timing Constraints : Time (s): cpu = 00:00:51 ; elapsed = 00:02:23 . Memory (MB): peak = 793.152 ; gain = 583.445
Finished Timing Optimization : Time (s): cpu = 00:00:52 ; elapsed = 00:02:25 . Memory (MB): peak = 793.152 ; gain = 583.445
Finished Technology Mapping : Time (s): cpu = 00:00:54 ; elapsed = 00:02:29 . Memory (MB): peak = 793.152 ; gain = 583.445
Finished IO Insertion : Time (s): cpu = 00:00:55 ; elapsed = 00:02:30 . Memory (MB): peak = 793.152 ; gain = 583.445
Finished Renaming Generated Instances : Time (s): cpu = 00:00:55 ; elapsed = 00:02:30 . Memory (MB): peak = 793.152 ; gain = 583.445
Finished Rebuilding User Hierarchy : Time (s): cpu = 00:00:55 ; elapsed = 00:02:31 . Memory (MB): peak = 793.152 ; gain = 583.445
Finished Renaming Generated Ports : Time (s): cpu = 00:00:55 ; elapsed = 00:02:31 . Memory (MB): peak = 793.152 ; gain = 583.445
Finished Handling Custom Attributes : Time (s): cpu = 00:00:55 ; elapsed = 00:02:31 . Memory (MB): peak = 793.152 ; gain = 583.445
Finished Renaming Generated Nets : Time (s): cpu = 00:00:55 ; elapsed = 00:02:31 . Memory (MB): peak = 793.152 ; gain = 583.445

Report Cell Usage: 
+------+--------+------+
|      |Cell    |Count |
+------+--------+------+
|1     |LUT1    |     7|
|2     |LUT2    |  1061|
|3     |LUT3    |   326|
|4     |LUT4    |    71|
|5     |LUT5    |   154|
|6     |LUT6    |   523|
|7     |SRLC32E |     9|
|8     |FDRE    |   822|
|9     |FDSE    |    19|
+------+--------+------+
Finished Writing Synthesis Report : Time (s): cpu = 00:00:55 ; elapsed = 00:02:31 . Memory (MB): peak = 793.152 ; gain = 583.445
synth_design: Time (s): cpu = 00:00:52 ; elapsed = 00:02:10 . Memory (MB): peak = 793.152 ; gain = 505.316
