MIG: 15:42:30 : xml_input_file: board.prj
MIG: 15:42:30 : Absolute path of xml_input_file: d:/PROJECTS/FPGAImageProcessing/DMASystem/DMASystem.srcs/sources_1/bd/dmaSystemBD/ip/dmaSystemBD_mig_7series_0_1/board.prj
MIG: 15:42:30 : xml_input_file: board.prj
MIG: 15:42:30 : Absolute path of xml_input_file: d:/PROJECTS/FPGAImageProcessing/DMASystem/DMASystem.srcs/sources_1/bd/dmaSystemBD/ip/dmaSystemBD_mig_7series_0_1/board.prj
MIG: 15:42:30 : In updateAllModelParams
MIG: 15:42:30 : ################# RUNNING MIG BATCH ###################
MIG: 15:42:30 : Writing IN file for 'dmaSystemBD_mig_7series_0_1'...compDirPath: d:/Vivado/Vivado_2016/Vivado/2016.4/data/ip/xilinx/mig_7series_v4_0... instDirPath: d:/PROJECTS/FPGAImageProcessing/DMASystem/DMASystem.srcs/sources_1/bd/dmaSystemBD/ip/dmaSystemBD_mig_7series_0_1
MIG: 15:42:30 : synp_flow:  -- synthesis_mode: Other
MIG: 15:42:30 : outputDirectory: d:/PROJECTS/FPGAImageProcessing/DMASystem/DMASystem.srcs/sources_1/bd/dmaSystemBD/ip/dmaSystemBD_mig_7series_0_1/_tmp/
MIG: 15:42:30 : vivado_mode: xpg_bd
MIG: 15:42:30 : isPortInterface: 0
MIG: 15:42:30 : isPortInterface: 0
MIG: 15:42:30 : isPortInterface: 0
MIG: 15:42:30 : isPortInterface: 0
MIG: 15:42:30 : isPortInterface: 0
MIG: 15:42:30 : isPortInterface: 0
MIG: 15:42:30 : isPortInterface: 0
MIG: 15:42:30 : isPortInterface: 0
MIG: 15:42:30 : isPortInterface: 0
MIG: 15:42:30 : isPortInterface: 0
MIG: 15:42:30 : isPortInterface: 0
MIG: 15:42:30 : isPortInterface: 0
MIG: 15:42:30 : isPortInterface: 0
MIG: 15:42:30 : isPortInterface: 0
MIG: 15:42:30 : isPortInterface: 0
MIG: 15:42:30 : isPortInterface: 0
MIG: 15:42:30 : isPortInterface: 0
MIG: 15:42:30 : isPortInterface: 0
MIG: 15:42:30 : isPortInterface: 0
MIG: 15:42:30 : isPortInterface: 0
MIG: 15:42:30 : isPortInterface: 0
MIG: 15:42:30 : isPortInterface: 0
MIG: 15:42:30 : isPortInterface: 0
MIG: 15:42:30 : isPortInterface: 0
MIG: 15:42:30 : isPortInterface: 0
MIG: 15:42:30 : isPortInterface: 0
MIG: 15:42:30 : isPortInterface: 0
MIG: 15:42:30 : isPortInterface: 0
MIG: 15:42:30 : isPortInterface: 0
MIG: 15:42:30 : isPortInterface: 0
MIG: 15:42:30 : isPortInterface: 0
MIG: 15:42:30 : isPortInterface: 0
MIG: 15:42:30 : isPortInterface: 0
MIG: 15:42:30 : isPortInterface: 0
MIG: 15:42:30 : isPortInterface: 0
MIG: 15:42:30 : isPortInterface: 0
MIG: 15:42:30 : isPortInterface: 0
MIG: 15:42:30 : isPortInterface: 0
MIG: 15:42:30 : isPortInterface: 0
MIG: 15:42:30 : isPortInterface: 0
MIG: 15:42:30 : isPortInterface: 0
MIG: 15:42:30 : isPortInterface: 0
MIG: 15:42:30 : isPortInterface: 0
MIG: 15:42:30 : isPortInterface: 0
MIG: 15:42:30 : isPortInterface: 0
MIG: 15:42:30 : isPortInterface: 0
MIG: 15:42:30 : isPortInterface: 0
MIG: 15:42:30 : isPortInterface: 0
MIG: 15:42:30 : isPortInterface: 0
MIG: 15:42:30 : isPortInterface: 0
MIG: 15:42:30 : isPortInterface: 0
MIG: 15:42:30 : isPortInterface: 0
MIG: 15:42:30 : isPortInterface: 0
MIG: 15:42:30 : isPortInterface: 0
MIG: 15:42:30 : isPortInterface: 0
MIG: 15:42:30 : isPortInterface: 0
MIG: 15:42:30 : isPortInterface: 0
MIG: 15:42:30 : isPortInterface: 0
MIG: 15:42:30 : isPortInterface: 0
MIG: 15:42:30 : isPortInterface: 0
MIG: 15:42:30 : isPortInterface: 0
MIG: 15:42:30 : isPortInterface: 0
MIG: 15:42:30 : isPortInterface: 0
MIG: 15:42:30 : isPortInterface: 0
MIG: 15:42:30 : isPortInterface: 0
MIG: 15:42:30 : isPortInterface: 0
MIG: 15:42:30 : isPortInterface: 0
MIG: 15:42:30 : isPortInterface: 0
MIG: 15:42:30 : isPortInterface: 0
MIG: 15:42:30 : isPortInterface: 0
MIG: 15:42:30 : isPortInterface: 0
MIG: 15:42:30 : isPortInterface: 0
MIG: 15:42:30 : isPortInterface: 0
MIG: 15:42:30 : isPortInterface: 0
MIG: 15:42:30 : isPortInterface: 0
MIG: 15:42:30 : isPortInterface: 0
MIG: 15:42:30 : isPortInterface: 0
MIG: 15:42:30 : isPortInterface: 0
MIG: 15:42:30 : isPortInterface: 0
MIG: 15:42:30 : isPortInterface: 0
MIG: 15:42:30 : isPortInterface: 0
MIG: 15:42:30 : isPortInterface: 0
MIG: 15:42:30 : isPortInterface: 0
MIG: 15:42:30 : isPortInterface: 0
MIG: 15:42:30 : isPortInterface: 0
MIG: 15:42:30 : isPortInterface: 0
MIG: 15:42:30 : isPortInterface: 0
MIG: 15:42:30 : isPortInterface: 0
MIG: 15:42:30 : isPortInterface: 0
MIG: 15:42:30 : isPortInterface: 0
MIG: 15:42:30 : isPortInterface: 0
MIG: 15:42:30 : isPortInterface: 0
MIG: 15:42:30 : isPortInterface: 0
MIG: 15:42:30 : isPortInterface: 0
MIG: 15:42:30 : isPortInterface: 0
MIG: 15:42:30 : isPortInterface: 0
MIG: 15:42:30 : isPortInterface: 0
MIG: 15:42:30 : isPortInterface: 0
MIG: 15:42:30 : isPortInterface: 0
MIG: 15:42:30 : isPortInterface: 0
MIG: 15:42:30 : isPortInterface: 0
MIG: 15:42:30 : isPortInterface: 0
MIG: 15:42:30 : isPortInterface: 0
MIG: 15:42:30 : isPortInterface: 0
MIG: 15:42:30 : isPortInterface: 0
MIG: 15:42:30 : isPortInterface: 0
MIG: 15:42:30 : isPortInterface: 0
MIG: 15:42:30 : isPortInterface: 0
MIG: 15:42:30 : isPortInterface: 0
MIG: 15:42:30 : isPortInterface: 0
MIG: 15:42:30 : isPortInterface: 0
MIG: 15:42:30 : isPortInterface: 0
MIG: 15:42:30 : isPortInterface: 0
MIG: 15:42:30 : isPortInterface: 0
MIG: 15:42:30 : isPortInterface: 0
MIG: 15:42:30 : isPortInterface: 0
MIG: 15:42:30 : isPortInterface: 0
MIG: 15:42:30 : isPortInterface: 0
MIG: 15:42:30 : isPortInterface: 0
MIG: 15:42:30 : isPortInterface: 0
MIG: 15:42:30 : isPortInterface: 0
MIG: 15:42:30 : isPortInterface: 0
MIG: 15:42:30 : isPortInterface: 0
MIG: 15:42:30 : isPortInterface: 0
MIG: 15:42:30 : isPortInterface: 0
MIG: 15:42:30 : isPortInterface: 0
MIG: 15:42:30 : isPortInterface: 0
MIG: 15:42:30 : isPortInterface: 0
MIG: 15:42:30 : isPortInterface: 0
MIG: 15:42:30 : isPortInterface: 0
MIG: 15:42:30 : isPortInterface: 0
MIG: 15:42:30 : isPortInterface: 0
MIG: 15:42:30 : isPortInterface: 0
MIG: 15:42:30 : isPortInterface: 0
MIG: 15:42:30 : isPortInterface: 0
MIG: 15:42:30 : isPortInterface: 0
MIG: 15:42:30 : isPortInterface: 0
MIG: 15:42:30 : isPortInterface: 0
MIG: 15:42:30 : isPortInterface: 0
MIG: 15:42:30 : isPortInterface: 0
MIG: 15:42:30 : isPortInterface: 0
MIG: 15:42:30 : isPortInterface: 0
MIG: 15:42:30 : isPortInterface: 0
MIG: 15:42:30 : isPortInterface: 0
MIG: 15:42:30 : isPortInterface: 0
MIG: 15:42:30 : isPortInterface: 0
MIG: 15:42:30 : isPortInterface: 0
MIG: 15:42:30 : isPortInterface: 1
MIG: 15:42:30 : isPortInterface: 0
MIG: 15:42:30 : isPortInterface: 0
MIG: 15:42:30 : isPortInterface: 0
MIG: 15:42:30 : isPortInterface: 0
MIG: 15:42:30 : isPortInterface: 0
MIG: 15:42:30 : isPortInterface: 0
MIG: 15:42:30 : isPortInterface: 0
MIG: 15:42:30 : isPortInterface: 0
MIG: 15:42:30 : isPortInterface: 0
MIG: 15:42:30 : isPortInterface: 0
MIG: 15:42:30 : isPortInterface: 0
MIG: 15:42:30 :  locked false  
MIG: 15:42:30 : HDL Language: Verilog
MIG: 15:42:30 : compInfo: true
MIG: 15:42:30 : Vivado Options xc7a200t sbg484 -1
MIG: 15:42:30 : 1: xc7a200t 2: sbg484 3: -1
MIG: 15:42:30 : relative mig path: coregen/ip/xilinx/other/com/xilinx/ip/mig_7series_v4_0/bin/nt64/mig.exe
MIG: 15:42:30 : xilinx_path: D:/Vivado/Vivado_2016/Vivado/2016.4/ids_lite/ISE
MIG: 15:42:30 : I am in catch area
MIG: 15:42:30 : Running D:/Vivado/Vivado_2016/Vivado/2016.4/ids_lite/ISE/coregen/ip/xilinx/other/com/xilinx/ip/mig_7series_v4_0/bin/nt64/mig.exe -cg_exc_inp d:/PROJECTS/FPGAImageProcessing/DMASystem/DMASystem.srcs/sources_1/bd/dmaSystemBD/ip/dmaSystemBD_mig_7series_0_1/xil_txt.in -cg_exc_out d:/PROJECTS/FPGAImageProcessing/DMASystem/DMASystem.srcs/sources_1/bd/dmaSystemBD/ip/dmaSystemBD_mig_7series_0_1/xil_txt.out ... 
